<?xml version="1.0" encoding="UTF-8"?>
<!-- Generated by org.testng.reporters.JUnitReportReporter -->
<testsuite hostname="Hardik-33H6983" failures="0" tests="1" name="testcases.dashboardtest" time="0.197" errors="0" timestamp="2025-06-25T12:32:13 IST" skipped="0">
  <testcase classname="testcases.dashboardtest" name="dashboard" time="0.197"/>
</testsuite> <!-- testcases.dashboardtest -->
