<?xml version="1.0" encoding="UTF-8"?>
<!-- Generated by org.testng.reporters.JUnitReportReporter -->
<testsuite hostname="Hardik-33H6983" failures="0" tests="1" name="testcases.logintestcase" time="5.112" errors="0" timestamp="2025-06-27T12:03:13 IST" skipped="0">
  <testcase classname="testcases.logintestcase" name="loginTest" time="5.112"/>
</testsuite> <!-- testcases.logintestcase -->
