<?xml version="1.0" encoding="UTF-8"?>
<!-- Generated by org.testng.reporters.JUnitReportReporter -->
<testsuite hostname="Hardik-33H6983" failures="0" tests="1" name="testcases.linksfinder" time="0.319" errors="0" timestamp="2025-07-04T13:28:28 IST" skipped="0">
  <testcase classname="testcases.linksfinder" name="findinglinks" time="0.319"/>
</testsuite> <!-- testcases.linksfinder -->
