<?xml version="1.0" encoding="UTF-8"?>
<!-- Generated by org.testng.reporters.JUnitReportReporter -->
<testsuite hostname="Hardik-33H6983" failures="0" tests="1" name="testcases.checkouttestcase" time="1.074" errors="0" timestamp="2025-07-07T10:53:03 IST" skipped="0">
  <testcase classname="testcases.checkouttestcase" name="checkingout" time="1.074"/>
</testsuite> <!-- testcases.checkouttestcase -->
