<?xml version="1.0" encoding="UTF-8"?>
<!-- Generated by org.testng.reporters.JUnitReportReporter -->
<testsuite hostname="Hardik-33H6983" failures="0" tests="1" name="testcases.carttestcase" time="1.548" errors="0" timestamp="2025-07-01T12:10:35 IST" skipped="0">
  <testcase classname="testcases.carttestcase" name="cartcases" time="1.548"/>
</testsuite> <!-- testcases.carttestcase -->
