<?xml version="1.0" encoding="UTF-8"?>
<!-- Generated by org.testng.reporters.JUnitReportReporter -->
<testsuite hostname="Hardik-33H6983" failures="0" tests="1" name="testcases.checkouttestcase" time="1.215" errors="0" timestamp="2025-07-04T12:15:57 IST" skipped="0">
  <testcase classname="testcases.checkouttestcase" name="checkingout" time="1.215"/>
</testsuite> <!-- testcases.checkouttestcase -->
