<?xml version="1.0" encoding="UTF-8"?>
<!-- Generated by org.testng.reporters.JUnitReportReporter -->
<testsuite hostname="Hardik-33H6983" failures="0" tests="1" name="testcases.checkouttestcase" time="0.485" errors="0" timestamp="2025-07-01T12:15:01 IST" skipped="0">
  <testcase classname="testcases.checkouttestcase" name="checkingout" time="0.485"/>
</testsuite> <!-- testcases.checkouttestcase -->
