<?xml version="1.0" encoding="UTF-8"?>
<!-- Generated by org.testng.reporters.JUnitReportReporter -->
<testsuite hostname="Hardik-33H6983" failures="0" tests="1" name="testcases.logintestcase" time="4.305" errors="0" timestamp="2025-07-04T13:10:47 IST" skipped="0">
  <testcase classname="testcases.logintestcase" name="loginTest" time="4.305"/>
</testsuite> <!-- testcases.logintestcase -->
